<?xml version="1.0" encoding="UTF-8"?>
<!-- Generated by org.testng.reporters.JUnitXMLReporter -->
<testsuite ignored="2" hostname="DESKTOP-LL6TH46" failures="0" tests="2" name="Test" time="64.135" errors="0" timestamp="2025-01-29T07:08:56 IST">
  <testcase classname="testCases.LoginTest" name="userLoginWithValidUsernameAndValidPassword" time="9.288"/>
  <testcase classname="testCases.LoginTest" name="userLoginWithValidUsernameAndInValidPassword" time="0.882"/>
  <testcase classname="testCases.LoginTest" name="userLoginWithInValidUsernameAndValidPassword" time="0.0">
    <ignored/>
  </testcase> <!-- userLoginWithInValidUsernameAndValidPassword -->
  <testcase classname="testCases.LoginTest" name="userLoginWithInValidUsernameAndInValidPassword" time="0.0">
    <ignored/>
  </testcase> <!-- userLoginWithInValidUsernameAndInValidPassword -->
</testsuite> <!-- Test -->
